C51 COMPILER V9.01   DEBUG                                                                 11/23/2016 11:58:15 PAGE 1   


C51 COMPILER V9.01, COMPILATION OF MODULE DEBUG
OBJECT MODULE PLACED IN .\ObjFile\Debug.obj
COMPILER INVOKED BY: C:\Keil\C51\BIN\C51.EXE SrcFile\Lib\Debug.c LARGE BROWSE INCDIR(.\SrcFile\StartUp\CPU;.\SrcFile\Fra
                    -me\Inc;.\SrcFile\Func\Inc;.\SrcFile\Lib;.\SrcFile\App\Inc) DEFINE(_DEV_BOARD_,_FPGA_DEMO_EN_) DEBUG OBJECTEXTEND PRINT(.
                    -\LstFile\Debug.lst) OBJECT(.\ObjFile\Debug.obj)

line level    source

   1          #include "Debug.h"
   2          
   3          /******************************************************************/
   4          void vDelay(unsigned int ucCount)
   5          {
   6   1          unsigned int i;
   7   1          for(i = 0; i < ucCount; i++)
   8   1          {
   9   2              _nop_();
  10   2                      _nop_();
  11   2                      _nop_();
  12   2                      _nop_();
  13   2                      _nop_();
  14   2                      _nop_();
  15   2                      _nop_();
  16   2                      _nop_();
  17   2                      _nop_();
  18   2                      _nop_();
  19   2      
  20   2                      _nop_();
  21   2                      _nop_();
  22   2                      _nop_();
  23   2                      _nop_();
  24   2                      _nop_();
  25   2                      _nop_();
  26   2                      _nop_();
  27   2                      _nop_();
  28   2                      _nop_();
  29   2                      _nop_();
  30   2      
  31   2                      _nop_();
  32   2                      _nop_();
  33   2                      _nop_();
  34   2                      _nop_();
  35   2                      _nop_();
  36   2                      _nop_();
  37   2                      _nop_();
  38   2                      _nop_();
  39   2                      _nop_();
  40   2                      _nop_();
  41   2      
  42   2                      _nop_();
  43   2                      _nop_();
  44   2                      _nop_();
  45   2                      _nop_();
  46   2                      _nop_();
  47   2                      _nop_();
  48   2                      _nop_();
  49   2                      _nop_();
  50   2                      _nop_();
  51   2                      _nop_();
  52   2      
  53   2                      _nop_();
C51 COMPILER V9.01   DEBUG                                                                 11/23/2016 11:58:15 PAGE 2   

  54   2                      _nop_();
  55   2                      _nop_();
  56   2                      _nop_();
  57   2                      _nop_();
  58   2                      _nop_();
  59   2                      _nop_();
  60   2                      _nop_();
  61   2                      _nop_();
  62   2                      _nop_();
  63   2      
  64   2                      _nop_();
  65   2                      _nop_();
  66   2                      _nop_();
  67   2                      _nop_();
  68   2                      _nop_();
  69   2                      _nop_();
  70   2                      _nop_();
  71   2                      _nop_();
  72   2                      _nop_();
  73   2                      _nop_();
  74   2      
  75   2                      _nop_();
  76   2                      _nop_();
  77   2                      _nop_();
  78   2                      _nop_();
  79   2                      _nop_();
  80   2                      _nop_();
  81   2                      _nop_();
  82   2                      _nop_();
  83   2                      _nop_();
  84   2                      _nop_();
  85   2      
  86   2                      _nop_();
  87   2                      _nop_();
  88   2                      _nop_();
  89   2                      _nop_();
  90   2                      _nop_();
  91   2                      _nop_();
  92   2                      _nop_();
  93   2                      _nop_();
  94   2                      _nop_();
  95   2                      _nop_();
  96   2      
  97   2                             _nop_();
  98   2                      _nop_();
  99   2                      _nop_();
 100   2                      _nop_();
 101   2                      _nop_();
 102   2                      _nop_();
 103   2                      _nop_();
 104   2                      _nop_();
 105   2                      _nop_();
 106   2                      _nop_();
 107   2      
 108   2                      _nop_();
 109   2                      _nop_();
 110   2                      _nop_();
 111   2                      _nop_();
 112   2                      _nop_();
 113   2                      _nop_();
 114   2                      _nop_();
 115   2                      _nop_();
C51 COMPILER V9.01   DEBUG                                                                 11/23/2016 11:58:15 PAGE 3   

 116   2                      _nop_();
 117   2                      _nop_();
 118   2      
 119   2                      _nop_();
 120   2                      _nop_();
 121   2                      _nop_();
 122   2                      _nop_();
 123   2                      _nop_();
 124   2                      _nop_();
 125   2                      _nop_();
 126   2                      _nop_();
 127   2                      _nop_();
 128   2                      _nop_();
 129   2      
 130   2                      _nop_();
 131   2                      _nop_();
 132   2                      _nop_();
 133   2                      _nop_();
 134   2                      _nop_();
 135   2                      _nop_();
 136   2                      _nop_();
 137   2                      _nop_();
 138   2                      _nop_();
 139   2                      _nop_();
 140   2      
 141   2                      _nop_();
 142   2                      _nop_();
 143   2                      _nop_();
 144   2                      _nop_();
 145   2                      _nop_();
 146   2                      _nop_();
 147   2                      _nop_();
 148   2                      _nop_();
 149   2                      _nop_();
 150   2                      _nop_();
 151   2      
 152   2                      _nop_();
 153   2                      _nop_();
 154   2                      _nop_();
 155   2                      _nop_();
 156   2                      _nop_();
 157   2                      _nop_();
 158   2                      _nop_();
 159   2                      _nop_();
 160   2                      _nop_();
 161   2                      _nop_();
 162   2      
 163   2                      _nop_();
 164   2                      _nop_();
 165   2                      _nop_();
 166   2                      _nop_();
 167   2                      _nop_();
 168   2                      _nop_();
 169   2                      _nop_();
 170   2                      _nop_();
 171   2                      _nop_();
 172   2                      _nop_();
 173   2      
 174   2                      _nop_();
 175   2                      _nop_();
 176   2                      _nop_();
 177   2                      _nop_();
C51 COMPILER V9.01   DEBUG                                                                 11/23/2016 11:58:15 PAGE 4   

 178   2                      _nop_();
 179   2                      _nop_();
 180   2                      _nop_();
 181   2                      _nop_();
 182   2                      _nop_();
 183   2                      _nop_();
 184   2                      
 185   2          }
 186   1      }
 187          
 188          UINT8 ucSysClkChange(UINT8 CLK)
 189          {
 190   1          switch(CLK%4)
 191   1              {
 192   2                   case 0:
 193   2                               vScu_SetSysClk32K();
 194   2                               
 195   2                               break;
 196   2                       case 1:
 197   2                           vScu_SetSysClk64K();
 198   2                               
 199   2                               break;
 200   2                       case 2:
 201   2                               
 202   2                               vScu_SetSysClkOsc500K();
 203   2                               break;
 204   2                       case 3:
 205   2                           
 206   2                               vScu_SetSysClkOsc2M();
 207   2                               
 208   2                               break;
 209   2                       default:
 210   2                           break;
 211   2              }       
 212   1              
 213   1              return 1;
 214   1      }
 215          
 216          /******************************************************************/


MODULE INFORMATION:   STATIC OVERLAYABLE
   CODE SIZE        =    282    ----
   CONSTANT SIZE    =   ----    ----
   XDATA SIZE       =   ----    ----
   PDATA SIZE       =   ----    ----
   DATA SIZE        =   ----    ----
   IDATA SIZE       =   ----    ----
   BIT SIZE         =   ----    ----
END OF MODULE INFORMATION.


C51 COMPILATION COMPLETE.  0 WARNING(S),  0 ERROR(S)
