A51 MACRO ASSEMBLER  HARDAPIASM                                                           11/23/2016 11:58:14 PAGE     1


MACRO ASSEMBLER A51 V8.02
OBJECT MODULE PLACED IN .\ObjFile\HardApiAsm.obj
ASSEMBLER INVOKED BY: C:\Keil\C51\BIN\A51.EXE SrcFile\StartUp\CPU\HardApiAsm.a51 SET(LARGE) DEBUG PRINT(.\LstFile\HardAp
                      iAsm.lst) OBJECT(.\ObjFile\HardApiAsm.obj) EP

LOC  OBJ            LINE     SOURCE

                       1     ;HardApiAsm.a51
                       2     ;V0.1
                       3     ;$Lee 2008.04.01
                       4     
                       5     PUBLIC                  vSaveCurrent
                       6     PUBLIC                  vLoadCurrent 
                       7             
                       8     
  0084                 9     DPL2            DATA    084H
  0085                10     DPH2            DATA    085H
  0086                11     DPS                 DATA        086H
                      12     
                      13     ?PR?_HardApiAsm         SEGMENT         CODE
----                  14     RSEG                            ?PR?_HardApiAsm
                      15     
                      16     
                      17     ;**********************************ROM BANK SELECT********************************
0000                  18     vSaveCurrent:
0000 D001             19             POP 01H
0002 D002             20             POP 02H
                      21     
0004 C086             22             PUSH DPS
0006 C085             23             PUSH DPH2
0008 C084             24             PUSH DPL2
000A 758600           25             MOV DPS,        #00H
                      26     
000D C002             27             PUSH 02H
000F C001             28             PUSH 01H
                      29     
0011 22               30             RET
                      31             
                      32     ;**********************************RAM BANK SELECT *******************************
0012                  33     vLoadCurrent:
0012 D001             34             POP 01H
0014 D002             35             POP 02H
                      36     
0016 D084             37             POP DPL2
0018 D085             38             POP DPH2
001A D086             39             POP DPS
                      40     
001C C002             41             PUSH 02H
001E C001             42             PUSH 01H
                      43     
0020 22               44             RET
                      45     
                      46     
                      47     END
A51 MACRO ASSEMBLER  HARDAPIASM                                                           11/23/2016 11:58:14 PAGE     2

SYMBOL TABLE LISTING
------ ----- -------


N A M E             T Y P E  V A L U E   ATTRIBUTES

?PR?_HARDAPIASM. .  C SEG    0021H       REL=UNIT
DPH2 . . . . . . .  D ADDR   0085H   A   
DPL2 . . . . . . .  D ADDR   0084H   A   
DPS. . . . . . . .  D ADDR   0086H   A   
VLOADCURRENT . . .  C ADDR   0012H   R   SEG=?PR?_HARDAPIASM
VSAVECURRENT . . .  C ADDR   0000H   R   SEG=?PR?_HARDAPIASM


REGISTER BANK(S) USED: 0 


ASSEMBLY COMPLETE.  0 WARNING(S), 0 ERROR(S)
