C51 COMPILER V9.00   LCDFRAME                                                              03/23/2015 16:27:24 PAGE 1   


C51 COMPILER V9.00, COMPILATION OF MODULE LCDFRAME
OBJECT MODULE PLACED IN .\ObjFile\LcdFrame.obj
COMPILER INVOKED BY: H:\Keil\C51\BIN\C51.EXE SrcFile\Frame\LcdFrame.c LARGE BROWSE INCDIR(.\SrcFile\StartUp\CPU;.\SrcFil
                    -e\Frame\Inc;.\SrcFile\Func\Inc;.\SrcFile\Lib;.\SrcFile\App\Inc) DEFINE(_DEV_BOARD_) DEBUG OBJECTEXTEND PRINT(.\LstFile\L
                    -cdFrame.lst) OBJECT(.\ObjFile\LcdFrame.obj)

line level    source

   1          #define _LCDRAME_C_     
   2          #include "LCDFRAME.H" 
   3          #include "Debug.H"
   4          
   5          
   6          /*****************************************************************************
   7            Routine Name  : Timer_Counter_Disp
   8            Form          : void Timer_Counter_Disp(ULONG Time)
   9            Parameters    : Time: the time counter of displaying
  10            Return value  : None
  11            Description   : LCD display timer counter
  12          *****************************************************************************/
  13          void vTimer_Counter_Disp(UINT32 Time)
  14          {
  15   1              sprintf(BCD,"%10lu",Time);
*** ERROR C202 IN LINE 15 OF SRCFILE\FRAME\LCDFRAME.C: 'BCD': undefined identifier
  16   1      #ifdef _FPGA_DEMO_EN_
                      vLcd_SetStopMode();                                                 
              #endif                                  
  19   1          vLcd_String_Clear();                                                
  20   1              vLcd_String_Display(BCD,10);
*** ERROR C202 IN LINE 20 OF SRCFILE\FRAME\LCDFRAME.C: 'BCD': undefined identifier
  21   1      #ifdef _FPGA_DEMO_EN_  
                      vLcd_SetDisplayMode();          
              #endif          
  24   1      
  25   1      }
  26          
  27          void vFloat_Disp(float Count)
  28          {
  29   1              sprintf(BCD,"%5.2f",Count);
*** ERROR C202 IN LINE 29 OF SRCFILE\FRAME\LCDFRAME.C: 'BCD': undefined identifier
  30   1              //BCD[2]='_';
  31   1      #ifdef _FPGA_DEMO_EN_
                      vLcd_SetStopMode();                                                 
              #endif                                  
  34   1          vLcd_String_Clear();                                                
  35   1              vLcd_String_Display(BCD,6);
*** ERROR C202 IN LINE 35 OF SRCFILE\FRAME\LCDFRAME.C: 'BCD': undefined identifier
  36   1      #ifdef _FPGA_DEMO_EN_  
                      vLcd_SetDisplayMode();          
              #endif          
  39   1      
  40   1      }
  41          
  42          
  43          
  44          void vLcdVerify(void)
  45          {
  46   1           
  47   1      #if 1
  48   1               UINT8 i;
  49   1               DebugPrintf("Call Function:vLcdVerify() in File:(%s),Line:%d,\r\n", __FILE__,(UINT16)__LINE__);
C51 COMPILER V9.00   LCDFRAME                                                              03/23/2015 16:27:24 PAGE 2   

  50   1               i=(CMD_INS-0x30);
  51   1               while(i--)
  52   1               { 
  53   2                 vLcdInit(((CMD_P1-0x30)<<6),LCD_DUTY_1O4,((CMD_P2-0x30)<<1));
  54   2                         vLcd_Clear_All();
  55   2      #ifdef _FPGA_DEMO_EN_
                  vLcd_SetStopMode();                                                                
              #endif
  58   2                         vLcd_String_Display("-o-o-o-o-",9);
  59   2      #ifdef _FPGA_DEMO_EN_  
                  vLcd_SetDisplayMode();              
              #endif
  62   2                         vDelay(5000);
  63   2                         vDelay(5000);                   
  64   2                         vLcd_Clear_All();
  65   2      #ifdef _FPGA_DEMO_EN_
                  vLcd_SetStopMode();                                                                
              #endif
  68   2                         vLcd_String_Display("oAbCdEFo",8);              
  69   2      
  70   2      #ifdef _FPGA_DEMO_EN_  
                         vLcd_SetDisplayMode();                       
              #endif
  73   2                 vDelay(5000);
  74   2                         vDelay(5000);
  75   2                         
  76   2      #ifdef _FPGA_DEMO_EN_
                         vLcd_SetStopMode();                                                                 
              #endif
  79   2                         vLcd_String_Display("0123456789",10);                   
  80   2      
  81   2      #ifdef _FPGA_DEMO_EN_  
                        vLcd_SetDisplayMode();                        
              #endif
  84   2                vDelay(5000);
  85   2                        vDelay(5000);
  86   2                        
  87   2              }
  88   1      #endif
  89   1          DebugPrintf("************Excute CMD_INS:%02bx Over************\r\n",CMD_INS);
  90   1      } 

C51 COMPILATION COMPLETE.  0 WARNING(S),  4 ERROR(S)
