C51 COMPILER V9.00   SM3FRAME                                                              03/23/2015 16:28:36 PAGE 1   


C51 COMPILER V9.00, COMPILATION OF MODULE SM3FRAME
OBJECT MODULE PLACED IN .\ObjFile\Sm3Frame.obj
COMPILER INVOKED BY: H:\Keil\C51\BIN\C51.EXE SrcFile\Frame\Sm3Frame.c LARGE BROWSE INCDIR(.\SrcFile\StartUp\CPU;.\SrcFil
                    -e\Frame\Inc;.\SrcFile\Func\Inc;.\SrcFile\Lib;.\SrcFile\App\Inc) DEFINE(_DEV_BOARD_) DEBUG OBJECTEXTEND PRINT(.\LstFile\S
                    -m3Frame.lst) OBJECT(.\ObjFile\Sm3Frame.obj)

line level    source

   1          #define _SM3RAME_C_     
   2          #include "SM3FRAME.H" 
   3          #include "string.H" 
   4          #include "Debug.H"
   5          //#include "TokenApp.H"
   6          
   7          UINT8 code Raw_Message[64] = 
   8          {
   9                  0x61,0x62,0x63,0x80,0x00,0x00,0x00,0x00,
  10                  0x00,0x00,0x00,0x00,0x00,0x00,0x00,0x00,
  11                  0x00,0x00,0x00,0x00,0x00,0x00,0x00,0x00,
  12                  0x00,0x00,0x00,0x00,0x00,0x00,0x00,0x00,
  13                  0x00,0x00,0x00,0x00,0x00,0x00,0x00,0x00,
  14                  0x00,0x00,0x00,0x00,0x00,0x00,0x00,0x00,
  15                  0x00,0x00,0x00,0x00,0x00,0x00,0x00,0x00,
  16                  0x00,0x00,0x00,0x00,0x00,0x00,0x00,0x18
  17          };
  18          
  19          UINT8 code Hash_Result[32] = 
  20          {
  21                  0x66,0xC7,0xF0,0xF4,0x62,0xEE,0xED,0xD9,
  22                  0xD1,0xF2,0xD4,0x6B,0xDC,0x10,0xE4,0xE2,
  23                  0x41,0x67,0xC4,0x87,0x5C,0xF2,0xF7,0xA2,
  24                  0x29,0x7D,0xA0,0x2B,0x8F,0x4B,0xA8,0xE0
  25          };
  26          
  27          void vSm3Verify(void)
  28          {
  29   1               
  30   1               memcpy(MessBuf,Raw_Message,64);
*** ERROR C202 IN LINE 30 OF SRCFILE\FRAME\SM3FRAME.C: 'MessBuf': undefined identifier
  31   1               vSm3Hash();
  32   1               if(memcmp(DynBuf,Hash_Result,32))//Failed
*** ERROR C202 IN LINE 32 OF SRCFILE\FRAME\SM3FRAME.C: 'DynBuf': undefined identifier
  33   1               {
  34   2                        DebugPrintf("\r\n Test Fail \r\n");
  35   2               }
  36   1               else//Success
  37   1               {
  38   2                        DebugPrintf("\r\n Test OK£¡\r\n");
  39   2               }
  40   1      
  41   1      }

C51 COMPILATION COMPLETE.  0 WARNING(S),  2 ERROR(S)
