C51 COMPILER V9.01   UARTFRAME                                                             11/23/2016 11:58:15 PAGE 1   


C51 COMPILER V9.01, COMPILATION OF MODULE UARTFRAME
OBJECT MODULE PLACED IN .\ObjFile\UartFrame.obj
COMPILER INVOKED BY: C:\Keil\C51\BIN\C51.EXE SrcFile\Frame\UartFrame.c LARGE BROWSE INCDIR(.\SrcFile\StartUp\CPU;.\SrcFi
                    -le\Frame\Inc;.\SrcFile\Func\Inc;.\SrcFile\Lib;.\SrcFile\App\Inc) DEFINE(_DEV_BOARD_,_FPGA_DEMO_EN_) DEBUG OBJECTEXTEND P
                    -RINT(.\LstFile\UartFrame.lst) OBJECT(.\ObjFile\UartFrame.obj)

line level    source

   1          #define _UARTFRAME_C_
   2          #include "UARTFRAME.H"
   3          #include "SCUFUNC.H"
   4          
   5          
   6          


MODULE INFORMATION:   STATIC OVERLAYABLE
   CODE SIZE        =   ----    ----
   CONSTANT SIZE    =   ----    ----
   XDATA SIZE       =     51    ----
   PDATA SIZE       =   ----    ----
   DATA SIZE        =   ----    ----
   IDATA SIZE       =   ----    ----
   BIT SIZE         =   ----    ----
END OF MODULE INFORMATION.


C51 COMPILATION COMPLETE.  0 WARNING(S),  0 ERROR(S)
