C51 COMPILER V9.00   WDTFRAME                                                              03/23/2015 19:20:57 PAGE 1   


C51 COMPILER V9.00, COMPILATION OF MODULE WDTFRAME
OBJECT MODULE PLACED IN .\ObjFile\WdtFrame.obj
COMPILER INVOKED BY: H:\Keil\C51\BIN\C51.EXE SrcFile\Frame\WdtFrame.c LARGE BROWSE INCDIR(.\SrcFile\StartUp\CPU;.\SrcFil
                    -e\Frame\Inc;.\SrcFile\Func\Inc;.\SrcFile\Lib;.\SrcFile\App\Inc) DEFINE(_DEV_BOARD_) DEBUG OBJECTEXTEND PRINT(.\LstFile\W
                    -dtFrame.lst) OBJECT(.\ObjFile\WdtFrame.obj)

line level    source

   1          #define _WDTRAME_C_     
   2          #include "WDTFRAME.H" 
   3          #include "Debug.H"
   4          
   5          void vWdtVerify(void)
   6          {
   7   1           DebugPrintf("Call Function:vWdtVerify() in File:(%s),Line:%d,\r\n", __FILE__,(UINT16)__LINE__);
   8   1               switch(CMD_INS)
   9   1               {                
  10   2                        case 0x01:
  11   2                             _WDT_FLAG_=0x00; 
  12   2                                 vScu_WdtWakeupEn();
  13   2                                 vScu_WdtIntEn();
  14   2                                 if(CMD_P1==0x01)
  15   2                                 {
  16   3                                        vWdtInit(WDT_125MS);
  17   3                                 }
  18   2                                 else if(CMD_P1==0x02)
  19   2                                 {
  20   3                                        vWdtInit(WDT_500MS);
  21   3                                 }
  22   2                                 else if(CMD_P1==0x03)
  23   2                                 {
  24   3                                        vWdtInit(WDT_2S);
  25   3                                 }
  26   2                                 else
  27   2                                 {
  28   3                                         vWdtInit(WDT_8S);
  29   3                                 }                       
  30   2                                 EX0=1;
  31   2                                 EA=1;
  32   2      
  33   2                                 vScu_SuspendModeEn();
  34   2      
  35   2                                 while(0x55!=_WDT_FLAG_);
  36   2                                 vClrWdtCounter();
  37   2                                 vScu_WdtClkDis();
  38   2                                 _WDT_FLAG_=0x00;     
  39   2                             break;
  40   2                        default:
  41   2                             break;
  42   2               
  43   2               }
  44   1               DebugPrintf("************Excute CMD_INS:%02bx Over************\r\n",CMD_INS);
  45   1      
  46   1      } 


MODULE INFORMATION:   STATIC OVERLAYABLE
   CODE SIZE        =    131    ----
   CONSTANT SIZE    =    128    ----
   XDATA SIZE       =      1    ----
   PDATA SIZE       =   ----    ----
C51 COMPILER V9.00   WDTFRAME                                                              03/23/2015 19:20:57 PAGE 2   

   DATA SIZE        =   ----    ----
   IDATA SIZE       =   ----    ----
   BIT SIZE         =   ----    ----
END OF MODULE INFORMATION.


C51 COMPILATION COMPLETE.  0 WARNING(S),  0 ERROR(S)
